<?xml version="1.0" encoding="UTF-8"?>
<!-- Generated by org.testng.reporters.JUnitXMLReporter -->
<testsuite ignored="0" hostname="DESKTOP-VV8C2GO" failures="0" tests="4" name="Test" time="0.252" errors="0" timestamp="2024-06-20T11:17:51 IST">
  <testcase classname="pac2.OrganizationTest" name="createOrgTest" time="0.052"/>
  <testcase classname="pac2.OrganizationTest" name="modifyOrgTest" time="0.003"/>
  <testcase classname="pac1.ContactTest" name="createContactTest" time="0.01"/>
  <testcase classname="pac1.ContactTest" name="modifyContactTest" time="0.002"/>
</testsuite> <!-- Test -->
