<?xml version="1.0" encoding="UTF-8"?>
<testng-results ignored="0" total="2" passed="2" failed="0" skipped="0">
  <reporter-output>
  </reporter-output>
  <suite started-at="2024-06-22T11:42:54 IST" name="Suite" finished-at="2024-06-22T11:42:54 IST" duration-ms="332">
    <groups>
    </groups>
    <test started-at="2024-06-22T11:42:54 IST" name="Test" finished-at="2024-06-22T11:42:54 IST" duration-ms="332">
      <class name="pac2.OrganizationTest">
        <test-method signature="createOrgTest()[pri:0, instance:pac2.OrganizationTest@72f926e6]" started-at="2024-06-22T11:42:54 IST" name="createOrgTest" finished-at="2024-06-22T11:42:54 IST" duration-ms="26" status="PASS">
          <reporter-output>
          </reporter-output>
        </test-method> <!-- createOrgTest -->
        <test-method signature="modifyOrgTest()[pri:0, instance:pac2.OrganizationTest@72f926e6]" started-at="2024-06-22T11:42:54 IST" name="modifyOrgTest" finished-at="2024-06-22T11:42:54 IST" duration-ms="3" status="PASS">
          <reporter-output>
          </reporter-output>
        </test-method> <!-- modifyOrgTest -->
      </class> <!-- pac2.OrganizationTest -->
    </test> <!-- Test -->
  </suite> <!-- Suite -->
</testng-results>
