<?xml version="1.0" encoding="UTF-8"?>
<!-- Generated by org.testng.reporters.JUnitXMLReporter -->
<testsuite ignored="0" hostname="DESKTOP-VV8C2GO" failures="0" tests="4" name="Surefire test" time="0.266" errors="0" timestamp="2024-06-19T16:13:13 IST">
  <testcase classname="pac1.ContactTest" name="createContactTest" time="0.023"/>
  <testcase classname="pac1.ContactTest" name="modifyContactTest" time="0.003"/>
  <testcase classname="pac2.OrganizationTest" name="createOrgTest" time="0.002"/>
  <testcase classname="pac2.OrganizationTest" name="modifyOrgTest" time="0.002"/>
</testsuite> <!-- Surefire test -->
